Analysis & Elaboration report for calibrador
Wed May 11 20:14:11 2022
Quartus Prime Version 20.1.1 Build 720 11/11/2020 SJ Lite Edition


---------------------
; Table of Contents ;
---------------------
  1. Legal Notice
  2. Analysis & Elaboration Summary
  3. Parallel Compilation
  4. Parameter Settings for User Entity Instance: calc_offset:calc_offset
  5. Parameter Settings for User Entity Instance: estimador:estimador
  6. Analysis & Elaboration Settings
  7. Analysis & Elaboration Messages



----------------
; Legal Notice ;
----------------
Copyright (C) 2020  Intel Corporation. All rights reserved.
Your use of Intel Corporation's design tools, logic functions 
and other software and tools, and any partner logic 
functions, and any output files from any of the foregoing 
(including device programming or simulation files), and any 
associated documentation or information are expressly subject 
to the terms and conditions of the Intel Program License 
Subscription Agreement, the Intel Quartus Prime License Agreement,
the Intel FPGA IP License Agreement, or other applicable license
agreement, including, without limitation, that your use is for
the sole purpose of programming logic devices manufactured by
Intel and sold by Intel or its authorized distributors.  Please
refer to the applicable agreement for further details, at
https://fpgasoftware.intel.com/eula.



+----------------------------------------------------------------------------------+
; Analysis & Elaboration Summary                                                   ;
+------------------------------------+---------------------------------------------+
; Analysis & Elaboration Status      ; Successful - Wed May 11 20:14:11 2022       ;
; Quartus Prime Version              ; 20.1.1 Build 720 11/11/2020 SJ Lite Edition ;
; Revision Name                      ; calibrador                                  ;
; Top-level Entity Name              ; calibrador                                  ;
; Family                             ; MAX 10                                      ;
; Total logic elements               ; N/A until Partition Merge                   ;
;     Total combinational functions  ; N/A until Partition Merge                   ;
;     Dedicated logic registers      ; N/A until Partition Merge                   ;
; Total registers                    ; N/A until Partition Merge                   ;
; Total pins                         ; N/A until Partition Merge                   ;
; Total virtual pins                 ; N/A until Partition Merge                   ;
; Total memory bits                  ; N/A until Partition Merge                   ;
; Embedded Multiplier 9-bit elements ; N/A until Partition Merge                   ;
; Total PLLs                         ; N/A until Partition Merge                   ;
; UFM blocks                         ; N/A until Partition Merge                   ;
; ADC blocks                         ; N/A until Partition Merge                   ;
+------------------------------------+---------------------------------------------+


+------------------------------------------+
; Parallel Compilation                     ;
+----------------------------+-------------+
; Processors                 ; Number      ;
+----------------------------+-------------+
; Number detected on machine ; 4           ;
; Maximum allowed            ; 2           ;
;                            ;             ;
; Average used               ; 1.00        ;
; Maximum used               ; 1           ;
;                            ;             ;
; Usage by Processor         ; % Time Used ;
;     Processor 1            ; 100.0%      ;
+----------------------------+-------------+


+----------------------------------------------------------------------+
; Parameter Settings for User Entity Instance: calc_offset:calc_offset ;
+----------------+-------+---------------------------------------------+
; Parameter Name ; Value ; Type                                        ;
+----------------+-------+---------------------------------------------+
; n              ; 64    ; Signed Integer                              ;
+----------------+-------+---------------------------------------------+
Note: In order to hide this table in the UI and the text report file, please set the "Show Parameter Settings in Synthesis Report" option in "Analysis and Synthesis Settings -> More Settings" to "Off".


+------------------------------------------------------------------+
; Parameter Settings for User Entity Instance: estimador:estimador ;
+----------------+-------+-----------------------------------------+
; Parameter Name ; Value ; Type                                    ;
+----------------+-------+-----------------------------------------+
; n              ; 32    ; Signed Integer                          ;
+----------------+-------+-----------------------------------------+
Note: In order to hide this table in the UI and the text report file, please set the "Show Parameter Settings in Synthesis Report" option in "Analysis and Synthesis Settings -> More Settings" to "Off".


+------------------------------------------------------------------------------------------------------------+
; Analysis & Elaboration Settings                                                                            ;
+------------------------------------------------------------------+--------------------+--------------------+
; Option                                                           ; Setting            ; Default Value      ;
+------------------------------------------------------------------+--------------------+--------------------+
; Device                                                           ; 10M50DAF484C6GES   ;                    ;
; Top-level entity name                                            ; calibrador         ; calibrador         ;
; Family name                                                      ; MAX 10             ; Cyclone V          ;
; Use smart compilation                                            ; Off                ; Off                ;
; Enable parallel Assembler and Timing Analyzer during compilation ; On                 ; On                 ;
; Enable compact report table                                      ; Off                ; Off                ;
; Restructure Multiplexers                                         ; Auto               ; Auto               ;
; Create Debugging Nodes for IP Cores                              ; Off                ; Off                ;
; Preserve fewer node names                                        ; On                 ; On                 ;
; Intel FPGA IP Evaluation Mode                                    ; Enable             ; Enable             ;
; Verilog Version                                                  ; Verilog_2001       ; Verilog_2001       ;
; VHDL Version                                                     ; VHDL_1993          ; VHDL_1993          ;
; State Machine Processing                                         ; Auto               ; Auto               ;
; Safe State Machine                                               ; Off                ; Off                ;
; Extract Verilog State Machines                                   ; On                 ; On                 ;
; Extract VHDL State Machines                                      ; On                 ; On                 ;
; Ignore Verilog initial constructs                                ; Off                ; Off                ;
; Iteration limit for constant Verilog loops                       ; 5000               ; 5000               ;
; Iteration limit for non-constant Verilog loops                   ; 250                ; 250                ;
; Add Pass-Through Logic to Inferred RAMs                          ; On                 ; On                 ;
; Infer RAMs from Raw Logic                                        ; On                 ; On                 ;
; Parallel Synthesis                                               ; On                 ; On                 ;
; DSP Block Balancing                                              ; Auto               ; Auto               ;
; NOT Gate Push-Back                                               ; On                 ; On                 ;
; Power-Up Don't Care                                              ; On                 ; On                 ;
; Remove Redundant Logic Cells                                     ; Off                ; Off                ;
; Remove Duplicate Registers                                       ; On                 ; On                 ;
; Ignore CARRY Buffers                                             ; Off                ; Off                ;
; Ignore CASCADE Buffers                                           ; Off                ; Off                ;
; Ignore GLOBAL Buffers                                            ; Off                ; Off                ;
; Ignore ROW GLOBAL Buffers                                        ; Off                ; Off                ;
; Ignore LCELL Buffers                                             ; Off                ; Off                ;
; Ignore SOFT Buffers                                              ; On                 ; On                 ;
; Limit AHDL Integers to 32 Bits                                   ; Off                ; Off                ;
; Optimization Technique                                           ; Balanced           ; Balanced           ;
; Carry Chain Length                                               ; 70                 ; 70                 ;
; Auto Carry Chains                                                ; On                 ; On                 ;
; Auto Open-Drain Pins                                             ; On                 ; On                 ;
; Perform WYSIWYG Primitive Resynthesis                            ; Off                ; Off                ;
; Auto ROM Replacement                                             ; On                 ; On                 ;
; Auto RAM Replacement                                             ; On                 ; On                 ;
; Auto DSP Block Replacement                                       ; On                 ; On                 ;
; Auto Shift Register Replacement                                  ; Auto               ; Auto               ;
; Allow Shift Register Merging across Hierarchies                  ; Auto               ; Auto               ;
; Auto Clock Enable Replacement                                    ; On                 ; On                 ;
; Strict RAM Replacement                                           ; Off                ; Off                ;
; Allow Synchronous Control Signals                                ; On                 ; On                 ;
; Force Use of Synchronous Clear Signals                           ; Off                ; Off                ;
; Auto RAM Block Balancing                                         ; On                 ; On                 ;
; Auto RAM to Logic Cell Conversion                                ; Off                ; Off                ;
; Auto Resource Sharing                                            ; Off                ; Off                ;
; Allow Any RAM Size For Recognition                               ; Off                ; Off                ;
; Allow Any ROM Size For Recognition                               ; Off                ; Off                ;
; Allow Any Shift Register Size For Recognition                    ; Off                ; Off                ;
; Use LogicLock Constraints during Resource Balancing              ; On                 ; On                 ;
; Ignore translate_off and synthesis_off directives                ; Off                ; Off                ;
; Timing-Driven Synthesis                                          ; On                 ; On                 ;
; Report Parameter Settings                                        ; On                 ; On                 ;
; Report Source Assignments                                        ; On                 ; On                 ;
; Report Connectivity Checks                                       ; On                 ; On                 ;
; Ignore Maximum Fan-Out Assignments                               ; Off                ; Off                ;
; Synchronization Register Chain Length                            ; 2                  ; 2                  ;
; Power Optimization During Synthesis                              ; Normal compilation ; Normal compilation ;
; HDL message level                                                ; Level2             ; Level2             ;
; Suppress Register Optimization Related Messages                  ; Off                ; Off                ;
; Number of Removed Registers Reported in Synthesis Report         ; 5000               ; 5000               ;
; Number of Swept Nodes Reported in Synthesis Report               ; 5000               ; 5000               ;
; Number of Inverted Registers Reported in Synthesis Report        ; 100                ; 100                ;
; Clock MUX Protection                                             ; On                 ; On                 ;
; Auto Gated Clock Conversion                                      ; Off                ; Off                ;
; Block Design Naming                                              ; Auto               ; Auto               ;
; SDC constraint protection                                        ; Off                ; Off                ;
; Synthesis Effort                                                 ; Auto               ; Auto               ;
; Shift Register Replacement - Allow Asynchronous Clear Signal     ; On                 ; On                 ;
; Pre-Mapping Resynthesis Optimization                             ; Off                ; Off                ;
; Analysis & Synthesis Message Level                               ; Medium             ; Medium             ;
; Disable Register Merging Across Hierarchies                      ; Auto               ; Auto               ;
; Resource Aware Inference For Block RAM                           ; On                 ; On                 ;
+------------------------------------------------------------------+--------------------+--------------------+


+---------------------------------+
; Analysis & Elaboration Messages ;
+---------------------------------+
Info: *******************************************************************
Info: Running Quartus Prime Analysis & Elaboration
    Info: Version 20.1.1 Build 720 11/11/2020 SJ Lite Edition
    Info: Processing started: Wed May 11 20:13:58 2022
Info: Command: quartus_map --read_settings_files=on --write_settings_files=off calibrador -c calibrador --analysis_and_elaboration
Warning (18236): Number of processors has not been specified which may cause overloading on shared machines.  Set the global assignment NUM_PARALLEL_PROCESSORS in your QSF to an appropriate value for best performance.
Info (20030): Parallel compilation is enabled and will use 2 of the 2 processors detected
Info (12021): Found 2 design units, including 1 entities, in source file /home/lukilukeskywalker/Documentos/DD2/2022/BT2/modelsim/Axis_screen.vhd
    Info (12022): Found design unit 1: axis_screen-rtl File: /home/lukilukeskywalker/Documentos/DD2/2022/BT2/modelsim/Axis_screen.vhd Line: 19
    Info (12023): Found entity 1: axis_screen File: /home/lukilukeskywalker/Documentos/DD2/2022/BT2/modelsim/Axis_screen.vhd Line: 10
Info (12021): Found 2 design units, including 1 entities, in source file /home/lukilukeskywalker/Documentos/DD2/2022/BT2/hdl/Master_SPI/reg_MOSI.vhd
    Info (12022): Found design unit 1: reg_MOSI-rtl File: /home/lukilukeskywalker/Documentos/DD2/2022/BT2/hdl/Master_SPI/reg_MOSI.vhd Line: 22
    Info (12023): Found entity 1: reg_MOSI File: /home/lukilukeskywalker/Documentos/DD2/2022/BT2/hdl/Master_SPI/reg_MOSI.vhd Line: 9
Info (12021): Found 2 design units, including 1 entities, in source file /home/lukilukeskywalker/Documentos/DD2/2022/BT2/hdl/Master_SPI/reg_MISO.vhd
    Info (12022): Found design unit 1: reg_MISO-rtl File: /home/lukilukeskywalker/Documentos/DD2/2022/BT2/hdl/Master_SPI/reg_MISO.vhd Line: 18
    Info (12023): Found entity 1: reg_MISO File: /home/lukilukeskywalker/Documentos/DD2/2022/BT2/hdl/Master_SPI/reg_MISO.vhd Line: 9
Info (12021): Found 2 design units, including 1 entities, in source file /home/lukilukeskywalker/Documentos/DD2/2022/BT2/hdl/Master_SPI/Master_SPI.vhd
    Info (12022): Found design unit 1: master_spi-estructural File: /home/lukilukeskywalker/Documentos/DD2/2022/BT2/hdl/Master_SPI/Master_SPI.vhd Line: 32
    Info (12023): Found entity 1: master_spi File: /home/lukilukeskywalker/Documentos/DD2/2022/BT2/hdl/Master_SPI/Master_SPI.vhd Line: 9
Info (12021): Found 2 design units, including 1 entities, in source file /home/lukilukeskywalker/Documentos/DD2/2022/BT2/hdl/Master_SPI/gen_SCK.vhd
    Info (12022): Found design unit 1: gen_SCK-rtl File: /home/lukilukeskywalker/Documentos/DD2/2022/BT2/hdl/Master_SPI/gen_SCK.vhd Line: 28
    Info (12023): Found entity 1: gen_SCK File: /home/lukilukeskywalker/Documentos/DD2/2022/BT2/hdl/Master_SPI/gen_SCK.vhd Line: 11
Info (12021): Found 2 design units, including 1 entities, in source file /home/lukilukeskywalker/Documentos/DD2/2022/BT2/hdl/Controlador/timer_5ms.vhd
    Info (12022): Found design unit 1: timer_5ms-rtl File: /home/lukilukeskywalker/Documentos/DD2/2022/BT2/hdl/Controlador/timer_5ms.vhd Line: 16
    Info (12023): Found entity 1: timer_5ms File: /home/lukilukeskywalker/Documentos/DD2/2022/BT2/hdl/Controlador/timer_5ms.vhd Line: 9
Info (12021): Found 2 design units, including 1 entities, in source file /home/lukilukeskywalker/Documentos/DD2/2022/BT2/hdl/Controlador/controlador_spi.vhdl
    Info (12022): Found design unit 1: controlador_spi-rtl File: /home/lukilukeskywalker/Documentos/DD2/2022/BT2/hdl/Controlador/controlador_spi.vhdl Line: 27
    Info (12023): Found entity 1: controlador_spi File: /home/lukilukeskywalker/Documentos/DD2/2022/BT2/hdl/Controlador/controlador_spi.vhdl Line: 9
Info (12021): Found 2 design units, including 1 entities, in source file /home/lukilukeskywalker/Documentos/DD2/2022/BT2/hdl/Controlador/Controlador.vhd
    Info (12022): Found design unit 1: controlador-estructural File: /home/lukilukeskywalker/Documentos/DD2/2022/BT2/hdl/Controlador/Controlador.vhd Line: 31
    Info (12023): Found entity 1: controlador File: /home/lukilukeskywalker/Documentos/DD2/2022/BT2/hdl/Controlador/Controlador.vhd Line: 11
Info (12021): Found 2 design units, including 1 entities, in source file /home/lukilukeskywalker/Documentos/DD2/2022/BT2/hdl/Calibrador/estimador.vhd
    Info (12022): Found design unit 1: estimador-rtl File: /home/lukilukeskywalker/Documentos/DD2/2022/BT2/hdl/Calibrador/estimador.vhd Line: 23
    Info (12023): Found entity 1: estimador File: /home/lukilukeskywalker/Documentos/DD2/2022/BT2/hdl/Calibrador/estimador.vhd Line: 8
Info (12021): Found 2 design units, including 1 entities, in source file /home/lukilukeskywalker/Documentos/DD2/2022/BT2/hdl/Calibrador/calibrador.vhd
    Info (12022): Found design unit 1: calibrador-estructural File: /home/lukilukeskywalker/Documentos/DD2/2022/BT2/hdl/Calibrador/calibrador.vhd Line: 27
    Info (12023): Found entity 1: calibrador File: /home/lukilukeskywalker/Documentos/DD2/2022/BT2/hdl/Calibrador/calibrador.vhd Line: 10
Info (12021): Found 2 design units, including 1 entities, in source file /home/lukilukeskywalker/Documentos/DD2/2022/BT2/hdl/Calibrador/calc_offset.vhd
    Info (12022): Found design unit 1: calc_offset-rtl File: /home/lukilukeskywalker/Documentos/DD2/2022/BT2/hdl/Calibrador/calc_offset.vhd Line: 23
    Info (12023): Found entity 1: calc_offset File: /home/lukilukeskywalker/Documentos/DD2/2022/BT2/hdl/Calibrador/calc_offset.vhd Line: 8
Info (12021): Found 2 design units, including 0 entities, in source file /home/lukilukeskywalker/Documentos/DD2/2022/BT2/hdl/Calibrador/auxiliar.vhd
    Info (12022): Found design unit 1: auxiliar File: /home/lukilukeskywalker/Documentos/DD2/2022/BT2/hdl/Calibrador/auxiliar.vhd Line: 4
    Info (12022): Found design unit 2: auxiliar-body File: /home/lukilukeskywalker/Documentos/DD2/2022/BT2/hdl/Calibrador/auxiliar.vhd Line: 17
Info (12127): Elaborating entity "calibrador" for the top level hierarchy
Info (12129): Elaborating entity "calc_offset" using architecture "A:rtl" for hierarchy "calc_offset:calc_offset" File: /home/lukilukeskywalker/Documentos/DD2/2022/BT2/hdl/Calibrador/calibrador.vhd Line: 37
Info (12129): Elaborating entity "estimador" using architecture "A:rtl" for hierarchy "estimador:estimador" File: /home/lukilukeskywalker/Documentos/DD2/2022/BT2/hdl/Calibrador/calibrador.vhd Line: 47
Info (12129): Elaborating entity "controlador" using architecture "A:estructural" for hierarchy "controlador:controlador" File: /home/lukilukeskywalker/Documentos/DD2/2022/BT2/hdl/Calibrador/calibrador.vhd Line: 57
Info (12129): Elaborating entity "master_spi" using architecture "A:estructural" for hierarchy "controlador:controlador|master_spi:master_spi" File: /home/lukilukeskywalker/Documentos/DD2/2022/BT2/hdl/Controlador/Controlador.vhd Line: 45
Info (12129): Elaborating entity "gen_SCK" using architecture "A:rtl" for hierarchy "controlador:controlador|master_spi:master_spi|gen_SCK:gen_SCK" File: /home/lukilukeskywalker/Documentos/DD2/2022/BT2/hdl/Master_SPI/Master_SPI.vhd Line: 38
Info (12129): Elaborating entity "reg_MOSI" using architecture "A:rtl" for hierarchy "controlador:controlador|master_spi:master_spi|reg_MOSI:reg_MOSI" File: /home/lukilukeskywalker/Documentos/DD2/2022/BT2/hdl/Master_SPI/Master_SPI.vhd Line: 51
Info (12129): Elaborating entity "reg_MISO" using architecture "A:rtl" for hierarchy "controlador:controlador|master_spi:master_spi|reg_MISO:reg_MISO" File: /home/lukilukeskywalker/Documentos/DD2/2022/BT2/hdl/Master_SPI/Master_SPI.vhd Line: 62
Info (12129): Elaborating entity "controlador_spi" using architecture "A:rtl" for hierarchy "controlador:controlador|controlador_spi:controlador_spi" File: /home/lukilukeskywalker/Documentos/DD2/2022/BT2/hdl/Controlador/Controlador.vhd Line: 78
Info (12129): Elaborating entity "timer_5ms" using architecture "A:rtl" for hierarchy "controlador:controlador|timer_5ms:timer_5ms" File: /home/lukilukeskywalker/Documentos/DD2/2022/BT2/hdl/Controlador/Controlador.vhd Line: 89
Info (12129): Elaborating entity "axis_screen" using architecture "A:rtl" for hierarchy "axis_screen:axis_screen_x" File: /home/lukilukeskywalker/Documentos/DD2/2022/BT2/hdl/Calibrador/calibrador.vhd Line: 67
Info: Quartus Prime Analysis & Elaboration was successful. 0 errors, 1 warning
    Info: Peak virtual memory: 734 megabytes
    Info: Processing ended: Wed May 11 20:14:11 2022
    Info: Elapsed time: 00:00:13
    Info: Total CPU time (on all processors): 00:00:31


